TN:
SF:src/test.ts
FNF:0
FNH:0
DA:10,1
LF:1
LH:1
BRF:0
BRH:0
end_of_record
TN:
SF:src/app/app.component.ts
FN:23,(anonymous_0)
FNF:1
FNH:0
FNDA:0,(anonymous_0)
DA:17,1
DA:18,1
DA:19,1
DA:20,1
DA:21,1
DA:22,1
DA:24,0
DA:25,0
DA:26,0
DA:27,0
DA:31,0
LF:11
LH:6
BRF:0
BRH:0
end_of_record
TN:
SF:src/app/asistencia/asistencia-lista/services/asistencia.service.ts
FN:88,(anonymous_0)
FN:91,(anonymous_1)
FN:95,(anonymous_2)
FN:106,(anonymous_3)
FN:116,(anonymous_4)
FN:127,(anonymous_5)
FN:132,(anonymous_6)
FN:143,(anonymous_7)
FN:148,(anonymous_8)
FN:160,(anonymous_9)
FN:175,(anonymous_10)
FN:196,(anonymous_11)
FN:203,(anonymous_12)
FN:211,(anonymous_13)
FN:213,(anonymous_14)
FN:224,(anonymous_15)
FN:238,(anonymous_16)
FN:249,(anonymous_17)
FNF:18
FNH:0
FNDA:0,(anonymous_0)
FNDA:0,(anonymous_1)
FNDA:0,(anonymous_2)
FNDA:0,(anonymous_3)
FNDA:0,(anonymous_4)
FNDA:0,(anonymous_5)
FNDA:0,(anonymous_6)
FNDA:0,(anonymous_7)
FNDA:0,(anonymous_8)
FNDA:0,(anonymous_9)
FNDA:0,(anonymous_10)
FNDA:0,(anonymous_11)
FNDA:0,(anonymous_12)
FNDA:0,(anonymous_13)
FNDA:0,(anonymous_14)
FNDA:0,(anonymous_15)
FNDA:0,(anonymous_16)
FNDA:0,(anonymous_17)
DA:36,1
DA:37,2
DA:45,2
DA:74,2
DA:82,2
DA:83,0
DA:84,0
DA:85,0
DA:86,0
DA:87,0
DA:92,0
DA:93,0
DA:98,0
DA:101,0
DA:108,0
DA:109,0
DA:113,0
DA:118,0
DA:128,0
DA:130,0
DA:135,0
DA:138,0
DA:144,0
DA:148,0
DA:149,0
DA:154,0
DA:156,0
DA:158,0
DA:161,0
DA:163,0
DA:165,0
DA:175,0
DA:176,0
DA:182,0
DA:184,0
DA:186,0
DA:199,0
DA:201,0
DA:204,0
DA:206,0
DA:212,0
DA:214,0
DA:226,0
DA:235,0
DA:239,0
DA:251,0
LF:46
LH:5
BRDA:98,0,0,0
BRDA:98,0,1,0
BRDA:135,1,0,0
BRDA:135,1,1,0
BRDA:204,2,0,0
BRDA:204,2,1,0
BRDA:219,3,0,0
BRDA:219,3,1,0
BRDA:221,4,0,0
BRDA:221,4,1,0
BRDA:236,5,0,0
BRDA:236,5,1,0
BRDA:240,6,0,0
BRDA:240,6,1,0
BRDA:244,7,0,0
BRDA:244,7,1,0
BRF:16
BRH:0
end_of_record
TN:
SF:src/app/calendar/services/calendar.services.ts
FN:32,(anonymous_0)
FN:41,(anonymous_1)
FN:48,(anonymous_2)
FN:63,(anonymous_3)
FN:66,(anonymous_4)
FN:67,(anonymous_5)
FN:75,(anonymous_6)
FNF:7
FNH:0
FNDA:0,(anonymous_0)
FNDA:0,(anonymous_1)
FNDA:0,(anonymous_2)
FNDA:0,(anonymous_3)
FNDA:0,(anonymous_4)
FNDA:0,(anonymous_5)
FNDA:0,(anonymous_6)
DA:16,1
DA:17,2
DA:29,2
DA:30,0
DA:31,0
DA:46,0
DA:49,0
DA:51,0
DA:67,0
DA:76,0
DA:80,0
DA:91,0
LF:12
LH:3
BRDA:49,0,0,0
BRDA:49,0,1,0
BRDA:67,1,0,0
BRDA:67,1,1,0
BRF:4
BRH:0
end_of_record
TN:
SF:src/app/eventos/components/event-modal.component/services/event-modal.services.ts
FN:26,(anonymous_0)
FN:31,(anonymous_1)
FN:36,(anonymous_2)
FN:44,(anonymous_3)
FN:62,(anonymous_4)
FNF:5
FNH:0
FNDA:0,(anonymous_0)
FNDA:0,(anonymous_1)
FNDA:0,(anonymous_2)
FNDA:0,(anonymous_3)
FNDA:0,(anonymous_4)
DA:12,1
DA:13,2
DA:22,2
DA:23,0
DA:24,0
DA:34,0
DA:37,0
DA:39,0
DA:45,0
DA:46,0
DA:48,0
DA:53,0
DA:58,0
DA:63,0
LF:14
LH:3
BRDA:37,0,0,0
BRDA:37,0,1,0
BRDA:46,1,0,0
BRF:3
BRH:0
end_of_record
TN:
SF:src/app/eventos/components/event.component/services/event.services.ts
FN:153,(anonymous_0)
FN:167,(anonymous_1)
FN:173,(anonymous_2)
FN:181,(anonymous_3)
FN:185,(anonymous_4)
FN:186,(anonymous_5)
FN:214,(anonymous_6)
FN:220,(anonymous_7)
FN:227,(anonymous_8)
FN:232,(anonymous_9)
FN:257,(anonymous_10)
FN:277,(anonymous_11)
FN:284,(anonymous_12)
FN:292,(anonymous_13)
FN:311,(anonymous_14)
FN:320,(anonymous_15)
FN:331,(anonymous_16)
FN:337,(anonymous_17)
FN:359,(anonymous_18)
FNF:19
FNH:0
FNDA:0,(anonymous_0)
FNDA:0,(anonymous_1)
FNDA:0,(anonymous_2)
FNDA:0,(anonymous_3)
FNDA:0,(anonymous_4)
FNDA:0,(anonymous_5)
FNDA:0,(anonymous_6)
FNDA:0,(anonymous_7)
FNDA:0,(anonymous_8)
FNDA:0,(anonymous_9)
FNDA:0,(anonymous_10)
FNDA:0,(anonymous_11)
FNDA:0,(anonymous_12)
FNDA:0,(anonymous_13)
FNDA:0,(anonymous_14)
FNDA:0,(anonymous_15)
FNDA:0,(anonymous_16)
FNDA:0,(anonymous_17)
FNDA:0,(anonymous_18)
DA:29,1
DA:30,2
DA:38,2
DA:110,2
DA:145,2
DA:146,0
DA:147,0
DA:148,0
DA:149,0
DA:150,0
DA:151,0
DA:152,0
DA:168,0
DA:169,0
DA:171,0
DA:174,0
DA:175,0
DA:182,0
DA:183,0
DA:185,0
DA:187,0
DA:191,0
DA:192,0
DA:201,0
DA:202,0
DA:217,0
DA:219,0
DA:221,0
DA:222,0
DA:228,0
DA:229,0
DA:230,0
DA:233,0
DA:238,0
DA:241,0
DA:242,0
DA:246,0
DA:249,0
DA:251,0
DA:261,0
DA:262,0
DA:270,0
DA:277,0
DA:278,0
DA:279,0
DA:280,0
DA:282,0
DA:285,0
DA:287,0
DA:293,0
DA:297,0
DA:300,0
DA:306,0
DA:312,0
DA:313,0
DA:318,0
DA:320,0
DA:321,0
DA:327,0
DA:331,0
DA:335,0
DA:338,0
DA:342,0
DA:352,0
DA:357,0
DA:359,0
DA:360,0
DA:366,0
DA:369,0
LF:69
LH:5
BRDA:174,0,0,0
BRDA:174,0,1,0
BRDA:221,1,0,0
BRDA:221,1,1,0
BRDA:278,2,0,0
BRDA:278,2,1,0
BRDA:285,3,0,0
BRDA:285,3,1,0
BRDA:297,4,0,0
BRDA:312,5,0,0
BRDA:323,6,0,0
BRDA:323,6,1,0
BRDA:362,7,0,0
BRDA:362,7,1,0
BRF:14
BRH:0
end_of_record
TN:
SF:src/app/eventos/components/grid-sesiones.component/services/grid-sesiones.services.ts
FN:22,(anonymous_0)
FN:35,(anonymous_1)
FN:42,(anonymous_2)
FN:68,(anonymous_3)
FN:79,(anonymous_4)
FN:83,(anonymous_5)
FN:90,(anonymous_6)
FN:101,(anonymous_7)
FN:108,(anonymous_8)
FN:113,(anonymous_9)
FN:119,(anonymous_10)
FN:131,(anonymous_11)
FN:142,(anonymous_12)
FN:153,(anonymous_13)
FNF:14
FNH:0
FNDA:0,(anonymous_0)
FNDA:0,(anonymous_1)
FNDA:0,(anonymous_2)
FNDA:0,(anonymous_3)
FNDA:0,(anonymous_4)
FNDA:0,(anonymous_5)
FNDA:0,(anonymous_6)
FNDA:0,(anonymous_7)
FNDA:0,(anonymous_8)
FNDA:0,(anonymous_9)
FNDA:0,(anonymous_10)
FNDA:0,(anonymous_11)
FNDA:0,(anonymous_12)
FNDA:0,(anonymous_13)
DA:16,1
DA:17,2
DA:18,0
DA:19,0
DA:20,0
DA:40,0
DA:41,0
DA:42,0
DA:49,0
DA:58,0
DA:66,0
DA:71,0
DA:74,0
DA:82,0
DA:83,0
DA:90,0
DA:91,0
DA:97,0
DA:101,0
DA:108,0
DA:109,0
DA:113,0
DA:114,0
DA:117,0
DA:120,0
DA:121,0
DA:131,0
DA:132,0
DA:138,0
DA:142,0
DA:143,0
DA:149,0
DA:153,0
DA:154,0
DA:157,0
LF:35
LH:2
BRDA:71,0,0,0
BRDA:71,0,1,0
BRDA:93,1,0,0
BRDA:93,1,1,0
BRDA:103,2,0,0
BRDA:103,2,1,0
BRDA:134,3,0,0
BRDA:134,3,1,0
BRDA:145,4,0,0
BRDA:145,4,1,0
BRF:10
BRH:0
end_of_record
TN:
SF:src/app/indexdb/datasources/actividades-datasource.ts
FN:33,(anonymous_0)
FN:34,(anonymous_1)
FN:38,(anonymous_2)
FN:42,(anonymous_3)
FN:68,(anonymous_4)
FN:85,(anonymous_5)
FN:112,(anonymous_6)
FN:152,(anonymous_7)
FN:155,(anonymous_8)
FN:162,(anonymous_9)
FN:166,(anonymous_10)
FN:170,(anonymous_11)
FN:177,(anonymous_12)
FN:181,(anonymous_13)
FN:211,(anonymous_14)
FN:213,(anonymous_15)
FN:219,(anonymous_16)
FN:221,(anonymous_17)
FN:247,(anonymous_18)
FN:256,(anonymous_19)
FN:261,(anonymous_20)
FN:267,(anonymous_21)
FN:269,(anonymous_22)
FN:294,(anonymous_23)
FN:301,(anonymous_24)
FN:321,(anonymous_25)
FN:354,(anonymous_26)
FN:356,(anonymous_27)
FN:362,(anonymous_28)
FN:364,(anonymous_29)
FN:396,(anonymous_30)
FN:401,(anonymous_31)
FN:407,(anonymous_32)
FN:409,(anonymous_33)
FN:429,(anonymous_34)
FN:436,(anonymous_35)
FN:450,(anonymous_36)
FN:456,(anonymous_37)
FN:477,(anonymous_38)
FN:495,(anonymous_39)
FN:508,(anonymous_40)
FN:525,(anonymous_41)
FN:548,(anonymous_42)
FN:569,(anonymous_43)
FN:583,(anonymous_44)
FN:591,(anonymous_45)
FN:596,(anonymous_46)
FN:605,(anonymous_47)
FN:612,(anonymous_48)
FN:626,(anonymous_49)
FN:627,(anonymous_50)
FN:638,(anonymous_51)
FN:639,(anonymous_52)
FN:641,(anonymous_53)
FN:666,(anonymous_54)
FN:678,(anonymous_55)
FN:692,(anonymous_56)
FN:718,(anonymous_57)
FN:720,(anonymous_58)
FN:726,(anonymous_59)
FNF:60
FNH:1
FNDA:1,(anonymous_0)
FNDA:0,(anonymous_1)
FNDA:0,(anonymous_2)
FNDA:0,(anonymous_3)
FNDA:0,(anonymous_4)
FNDA:0,(anonymous_5)
FNDA:0,(anonymous_6)
FNDA:0,(anonymous_7)
FNDA:0,(anonymous_8)
FNDA:0,(anonymous_9)
FNDA:0,(anonymous_10)
FNDA:0,(anonymous_11)
FNDA:0,(anonymous_12)
FNDA:0,(anonymous_13)
FNDA:0,(anonymous_14)
FNDA:0,(anonymous_15)
FNDA:0,(anonymous_16)
FNDA:0,(anonymous_17)
FNDA:0,(anonymous_18)
FNDA:0,(anonymous_19)
FNDA:0,(anonymous_20)
FNDA:0,(anonymous_21)
FNDA:0,(anonymous_22)
FNDA:0,(anonymous_23)
FNDA:0,(anonymous_24)
FNDA:0,(anonymous_25)
FNDA:0,(anonymous_26)
FNDA:0,(anonymous_27)
FNDA:0,(anonymous_28)
FNDA:0,(anonymous_29)
FNDA:0,(anonymous_30)
FNDA:0,(anonymous_31)
FNDA:0,(anonymous_32)
FNDA:0,(anonymous_33)
FNDA:0,(anonymous_34)
FNDA:0,(anonymous_35)
FNDA:0,(anonymous_36)
FNDA:0,(anonymous_37)
FNDA:0,(anonymous_38)
FNDA:0,(anonymous_39)
FNDA:0,(anonymous_40)
FNDA:0,(anonymous_41)
FNDA:0,(anonymous_42)
FNDA:0,(anonymous_43)
FNDA:0,(anonymous_44)
FNDA:0,(anonymous_45)
FNDA:0,(anonymous_46)
FNDA:0,(anonymous_47)
FNDA:0,(anonymous_48)
FNDA:0,(anonymous_49)
FNDA:0,(anonymous_50)
FNDA:0,(anonymous_51)
FNDA:0,(anonymous_52)
FNDA:0,(anonymous_53)
FNDA:0,(anonymous_54)
FNDA:0,(anonymous_55)
FNDA:0,(anonymous_56)
FNDA:0,(anonymous_57)
FNDA:0,(anonymous_58)
FNDA:0,(anonymous_59)
DA:28,1
DA:29,3
DA:30,1
DA:31,1
DA:35,0
DA:39,0
DA:43,0
DA:48,0
DA:50,0
DA:55,0
DA:57,0
DA:62,0
DA:67,0
DA:68,0
DA:69,0
DA:72,0
DA:77,0
DA:78,0
DA:89,0
DA:90,0
DA:92,0
DA:93,0
DA:98,0
DA:104,0
DA:105,0
DA:114,0
DA:118,0
DA:120,0
DA:122,0
DA:124,0
DA:128,0
DA:129,0
DA:136,0
DA:137,0
DA:138,0
DA:144,0
DA:154,0
DA:155,0
DA:159,0
DA:163,0
DA:167,0
DA:169,0
DA:170,0
DA:174,0
DA:177,0
DA:184,0
DA:185,0
DA:211,0
DA:212,0
DA:213,0
DA:215,0
DA:217,0
DA:219,0
DA:221,0
DA:228,0
DA:233,0
DA:238,0
DA:243,0
DA:246,0
DA:247,0
DA:249,0
DA:254,0
DA:255,0
DA:256,0
DA:259,0
DA:260,0
DA:262,0
DA:265,0
DA:266,0
DA:267,0
DA:269,0
DA:270,0
DA:281,0
DA:284,0
DA:293,0
DA:294,0
DA:299,0
DA:301,0
DA:307,0
DA:318,0
DA:327,0
DA:328,0
DA:354,0
DA:355,0
DA:356,0
DA:358,0
DA:360,0
DA:362,0
DA:364,0
DA:371,0
DA:376,0
DA:381,0
DA:394,0
DA:395,0
DA:396,0
DA:399,0
DA:400,0
DA:402,0
DA:405,0
DA:406,0
DA:407,0
DA:409,0
DA:410,0
DA:421,0
DA:424,0
DA:428,0
DA:429,0
DA:434,0
DA:436,0
DA:443,0
DA:446,0
DA:451,0
DA:452,0
DA:453,0
DA:456,0
DA:462,0
DA:475,0
DA:489,0
DA:491,0
DA:493,0
DA:495,0
DA:500,0
DA:508,0
DA:512,0
DA:513,0
DA:517,0
DA:519,0
DA:520,0
DA:525,0
DA:526,0
DA:527,0
DA:528,0
DA:545,0
DA:550,0
DA:551,0
DA:552,0
DA:556,0
DA:559,0
DA:562,0
DA:563,0
DA:568,0
DA:569,0
DA:572,0
DA:575,0
DA:581,0
DA:584,0
DA:589,0
DA:592,0
DA:596,0
DA:603,0
DA:606,0
DA:611,0
DA:612,0
DA:621,0
DA:625,0
DA:626,0
DA:627,0
DA:631,0
DA:637,0
DA:638,0
DA:640,0
DA:641,0
DA:643,0
DA:654,0
DA:657,0
DA:664,0
DA:666,0
DA:667,0
DA:675,0
DA:678,0
DA:680,0
DA:682,0
DA:683,0
DA:688,0
DA:691,0
DA:692,0
DA:693,0
DA:694,0
DA:700,0
DA:705,0
DA:710,0
DA:718,0
DA:720,0
DA:726,0
DA:732,0
LF:185
LH:4
BRDA:43,0,0,0
BRDA:44,1,0,0
BRDA:44,1,1,0
BRDA:50,2,0,0
BRDA:51,3,0,0
BRDA:51,3,1,0
BRDA:57,4,0,0
BRDA:58,5,0,0
BRDA:58,5,1,0
BRDA:92,6,0,0
BRDA:92,6,1,0
BRDA:120,7,0,0
BRDA:120,8,0,0
BRDA:120,8,1,0
BRDA:122,9,0,0
BRDA:122,9,1,0
BRDA:146,10,0,0
BRDA:146,10,1,0
BRDA:157,11,0,0
BRDA:157,11,1,0
BRDA:167,12,0,0
BRDA:215,13,0,0
BRDA:249,14,0,0
BRDA:259,15,0,0
BRDA:266,16,0,0
BRDA:293,17,0,0
BRDA:293,17,1,0
BRDA:293,18,0,0
BRDA:293,18,1,0
BRDA:358,19,0,0
BRDA:399,20,0,0
BRDA:406,21,0,0
BRDA:428,22,0,0
BRDA:428,22,1,0
BRDA:428,23,0,0
BRDA:428,23,1,0
BRDA:463,24,0,0
BRDA:463,24,1,0
BRDA:493,25,0,0
BRDA:519,26,0,0
BRDA:519,26,1,0
BRDA:520,27,0,0
BRDA:520,27,1,0
BRDA:530,28,0,0
BRDA:530,28,1,0
BRDA:540,29,0,0
BRDA:540,29,1,0
BRDA:551,30,0,0
BRDA:560,31,0,0
BRDA:560,31,1,0
BRDA:562,32,0,0
BRDA:564,33,0,0
BRDA:564,33,1,0
BRDA:572,34,0,0
BRDA:572,34,1,0
BRDA:575,35,0,0
BRDA:575,35,1,0
BRDA:575,36,0,0
BRDA:575,36,1,0
BRDA:646,37,0,0
BRDA:646,37,1,0
BRDA:664,38,0,0
BRDA:664,38,1,0
BRDA:677,39,0,0
BRDA:677,39,1,0
BRDA:678,40,0,0
BRDA:678,40,1,0
BRDA:693,41,0,0
BRDA:711,42,0,0
BRDA:711,42,1,0
BRDA:712,43,0,0
BRDA:712,43,1,0
BRDA:715,44,0,0
BRDA:715,44,1,0
BRDA:716,45,0,0
BRDA:716,45,1,0
BRDA:717,46,0,0
BRDA:717,46,1,0
BRDA:728,47,0,0
BRDA:728,47,1,0
BRF:80
BRH:0
end_of_record
TN:
SF:src/app/indexdb/datasources/asistencias-datasource.ts
FN:10,(anonymous_0)
FN:14,(anonymous_1)
FN:18,(anonymous_2)
FN:26,(anonymous_3)
FN:37,(anonymous_4)
FN:49,(anonymous_5)
FN:51,(anonymous_6)
FN:58,(anonymous_7)
FNF:8
FNH:0
FNDA:0,(anonymous_0)
FNDA:0,(anonymous_1)
FNDA:0,(anonymous_2)
FNDA:0,(anonymous_3)
FNDA:0,(anonymous_4)
FNDA:0,(anonymous_5)
FNDA:0,(anonymous_6)
FNDA:0,(anonymous_7)
DA:9,1
DA:11,0
DA:15,0
DA:19,0
DA:20,0
DA:30,0
DA:31,0
DA:38,0
DA:39,0
DA:41,0
DA:43,0
DA:50,0
DA:51,0
DA:55,0
DA:59,0
LF:15
LH:1
BRDA:38,0,0,0
BRDA:38,0,1,0
BRDA:53,1,0,0
BRDA:53,1,1,0
BRF:4
BRH:0
end_of_record
TN:
SF:src/app/indexdb/datasources/parametros_detalle-datasource.ts
FN:9,(anonymous_0)
FN:13,(anonymous_1)
FN:17,(anonymous_2)
FN:21,(anonymous_3)
FN:28,(anonymous_4)
FN:32,(anonymous_5)
FN:34,(anonymous_6)
FN:43,(anonymous_7)
FNF:8
FNH:0
FNDA:0,(anonymous_0)
FNDA:0,(anonymous_1)
FNDA:0,(anonymous_2)
FNDA:0,(anonymous_3)
FNDA:0,(anonymous_4)
FNDA:0,(anonymous_5)
FNDA:0,(anonymous_6)
FNDA:0,(anonymous_7)
DA:8,1
DA:10,0
DA:14,0
DA:18,0
DA:25,0
DA:29,0
DA:33,0
DA:34,0
DA:40,0
DA:44,0
LF:10
LH:1
BRDA:36,0,0,0
BRDA:36,0,1,0
BRF:2
BRH:0
end_of_record
TN:
SF:src/app/indexdb/datasources/parametros_generales-datasource.ts
FN:9,(anonymous_0)
FN:13,(anonymous_1)
FN:17,(anonymous_2)
FN:21,(anonymous_3)
FN:28,(anonymous_4)
FN:32,(anonymous_5)
FN:34,(anonymous_6)
FN:41,(anonymous_7)
FNF:8
FNH:0
FNDA:0,(anonymous_0)
FNDA:0,(anonymous_1)
FNDA:0,(anonymous_2)
FNDA:0,(anonymous_3)
FNDA:0,(anonymous_4)
FNDA:0,(anonymous_5)
FNDA:0,(anonymous_6)
FNDA:0,(anonymous_7)
DA:8,1
DA:10,0
DA:14,0
DA:18,0
DA:25,0
DA:29,0
DA:33,0
DA:34,0
DA:38,0
DA:42,0
LF:10
LH:1
BRDA:36,0,0,0
BRDA:36,0,1,0
BRF:2
BRH:0
end_of_record
TN:
SF:src/app/indexdb/datasources/personas-datasource.ts
FN:9,(anonymous_0)
FN:13,(anonymous_1)
FN:17,(anonymous_2)
FN:19,(anonymous_3)
FN:26,(anonymous_4)
FN:30,(anonymous_5)
FN:39,(anonymous_6)
FN:57,(anonymous_7)
FN:74,(anonymous_8)
FN:85,(anonymous_9)
FN:98,(anonymous_10)
FN:100,(anonymous_11)
FN:106,(anonymous_12)
FNF:13
FNH:0
FNDA:0,(anonymous_0)
FNDA:0,(anonymous_1)
FNDA:0,(anonymous_2)
FNDA:0,(anonymous_3)
FNDA:0,(anonymous_4)
FNDA:0,(anonymous_5)
FNDA:0,(anonymous_6)
FNDA:0,(anonymous_7)
FNDA:0,(anonymous_8)
FNDA:0,(anonymous_9)
FNDA:0,(anonymous_10)
FNDA:0,(anonymous_11)
FNDA:0,(anonymous_12)
DA:8,1
DA:10,0
DA:14,0
DA:18,0
DA:19,0
DA:23,0
DA:27,0
DA:34,0
DA:39,0
DA:42,0
DA:47,0
DA:48,0
DA:51,0
DA:54,0
DA:57,0
DA:60,0
DA:61,0
DA:64,0
DA:68,0
DA:73,0
DA:74,0
DA:78,0
DA:84,0
DA:85,0
DA:93,0
DA:98,0
DA:99,0
DA:101,0
DA:106,0
LF:29
LH:1
BRDA:21,0,0,0
BRDA:21,0,1,0
BRDA:47,1,0,0
BRDA:60,2,0,0
BRDA:84,3,0,0
BRDA:88,4,0,0
BRDA:88,4,1,0
BRDA:88,5,0,0
BRDA:88,5,1,0
BRDA:88,6,0,0
BRDA:88,6,1,0
BRDA:101,7,0,0
BRDA:101,7,1,0
BRDA:109,8,0,0
BRDA:109,8,1,0
BRDA:109,9,0,0
BRDA:109,9,1,0
BRDA:109,10,0,0
BRDA:109,10,1,0
BRF:19
BRH:0
end_of_record
TN:
SF:src/app/indexdb/datasources/personas_grupo_interes-datasource.ts
FN:9,(anonymous_0)
FN:13,(anonymous_1)
FN:17,(anonymous_2)
FN:21,(anonymous_3)
FN:28,(anonymous_4)
FN:32,(anonymous_5)
FN:34,(anonymous_6)
FN:41,(anonymous_7)
FNF:8
FNH:0
FNDA:0,(anonymous_0)
FNDA:0,(anonymous_1)
FNDA:0,(anonymous_2)
FNDA:0,(anonymous_3)
FNDA:0,(anonymous_4)
FNDA:0,(anonymous_5)
FNDA:0,(anonymous_6)
FNDA:0,(anonymous_7)
DA:8,1
DA:10,0
DA:14,0
DA:18,0
DA:25,0
DA:29,0
DA:33,0
DA:34,0
DA:38,0
DA:42,0
LF:10
LH:1
BRDA:36,0,0,0
BRDA:36,0,1,0
BRF:2
BRH:0
end_of_record
TN:
SF:src/app/indexdb/datasources/personas_programas-datasource.ts
FN:9,(anonymous_0)
FN:13,(anonymous_1)
FN:17,(anonymous_2)
FN:21,(anonymous_3)
FN:28,(anonymous_4)
FN:32,(anonymous_5)
FN:34,(anonymous_6)
FN:41,(anonymous_7)
FNF:8
FNH:0
FNDA:0,(anonymous_0)
FNDA:0,(anonymous_1)
FNDA:0,(anonymous_2)
FNDA:0,(anonymous_3)
FNDA:0,(anonymous_4)
FNDA:0,(anonymous_5)
FNDA:0,(anonymous_6)
FNDA:0,(anonymous_7)
DA:8,1
DA:10,0
DA:14,0
DA:18,0
DA:25,0
DA:29,0
DA:33,0
DA:34,0
DA:38,0
DA:42,0
LF:10
LH:1
BRDA:36,0,0,0
BRDA:36,0,1,0
BRF:2
BRH:0
end_of_record
TN:
SF:src/app/indexdb/datasources/personas_sedes-datasource.ts
FN:9,(anonymous_0)
FN:13,(anonymous_1)
FN:17,(anonymous_2)
FN:21,(anonymous_3)
FN:28,(anonymous_4)
FN:32,(anonymous_5)
FN:35,(anonymous_6)
FN:43,(anonymous_7)
FN:47,(anonymous_8)
FN:53,(anonymous_9)
FNF:10
FNH:0
FNDA:0,(anonymous_0)
FNDA:0,(anonymous_1)
FNDA:0,(anonymous_2)
FNDA:0,(anonymous_3)
FNDA:0,(anonymous_4)
FNDA:0,(anonymous_5)
FNDA:0,(anonymous_6)
FNDA:0,(anonymous_7)
FNDA:0,(anonymous_8)
FNDA:0,(anonymous_9)
DA:8,1
DA:10,0
DA:14,0
DA:18,0
DA:25,0
DA:29,0
DA:33,0
DA:35,0
DA:40,0
DA:44,0
DA:48,0
DA:53,0
LF:12
LH:1
BRDA:37,0,0,0
BRDA:37,0,1,0
BRF:2
BRH:0
end_of_record
TN:
SF:src/app/indexdb/datasources/poblaciones-datasource.ts
FN:9,(anonymous_0)
FN:13,(anonymous_1)
FN:17,(anonymous_2)
FN:21,(anonymous_3)
FN:25,(anonymous_4)
FN:29,(anonymous_5)
FN:31,(anonymous_6)
FN:38,(anonymous_7)
FNF:8
FNH:0
FNDA:0,(anonymous_0)
FNDA:0,(anonymous_1)
FNDA:0,(anonymous_2)
FNDA:0,(anonymous_3)
FNDA:0,(anonymous_4)
FNDA:0,(anonymous_5)
FNDA:0,(anonymous_6)
FNDA:0,(anonymous_7)
DA:8,1
DA:10,0
DA:14,0
DA:18,0
DA:22,0
DA:26,0
DA:30,0
DA:31,0
DA:35,0
DA:39,0
LF:10
LH:1
BRDA:33,0,0,0
BRDA:33,0,1,0
BRF:2
BRH:0
end_of_record
TN:
SF:src/app/indexdb/datasources/sedes-datasource.ts
FN:9,(anonymous_0)
FN:13,(anonymous_1)
FN:17,(anonymous_2)
FN:21,(anonymous_3)
FN:25,(anonymous_4)
FN:29,(anonymous_5)
FN:31,(anonymous_6)
FN:38,(anonymous_7)
FNF:8
FNH:0
FNDA:0,(anonymous_0)
FNDA:0,(anonymous_1)
FNDA:0,(anonymous_2)
FNDA:0,(anonymous_3)
FNDA:0,(anonymous_4)
FNDA:0,(anonymous_5)
FNDA:0,(anonymous_6)
FNDA:0,(anonymous_7)
DA:8,1
DA:10,0
DA:14,0
DA:18,0
DA:22,0
DA:26,0
DA:30,0
DA:31,0
DA:35,0
DA:39,0
LF:10
LH:1
BRDA:33,0,0,0
BRDA:33,0,1,0
BRF:2
BRH:0
end_of_record
TN:
SF:src/app/indexdb/datasources/sesiones-datasource.ts
FN:9,(anonymous_0)
FN:10,(anonymous_1)
FN:14,(anonymous_2)
FN:18,(anonymous_3)
FN:51,(anonymous_4)
FN:98,(anonymous_5)
FN:110,(anonymous_6)
FN:113,(anonymous_7)
FN:120,(anonymous_8)
FN:126,(anonymous_9)
FNF:10
FNH:1
FNDA:2,(anonymous_0)
FNDA:0,(anonymous_1)
FNDA:0,(anonymous_2)
FNDA:0,(anonymous_3)
FNDA:0,(anonymous_4)
FNDA:0,(anonymous_5)
FNDA:0,(anonymous_6)
FNDA:0,(anonymous_7)
FNDA:0,(anonymous_8)
FNDA:0,(anonymous_9)
DA:8,1
DA:11,0
DA:15,0
DA:19,0
DA:24,0
DA:26,0
DA:31,0
DA:33,0
DA:38,0
DA:43,0
DA:44,0
DA:45,0
DA:55,0
DA:60,0
DA:66,0
DA:68,0
DA:69,0
DA:76,0
DA:77,0
DA:79,0
DA:80,0
DA:86,0
DA:92,0
DA:99,0
DA:100,0
DA:102,0
DA:104,0
DA:111,0
DA:113,0
DA:117,0
DA:121,0
DA:127,0
LF:32
LH:1
BRDA:19,0,0,0
BRDA:20,1,0,0
BRDA:20,1,1,0
BRDA:26,2,0,0
BRDA:27,3,0,0
BRDA:27,3,1,0
BRDA:33,4,0,0
BRDA:34,5,0,0
BRDA:34,5,1,0
BRDA:55,6,0,0
BRDA:56,7,0,0
BRDA:56,7,1,0
BRDA:56,7,2,0
BRDA:68,8,0,0
BRDA:76,9,0,0
BRDA:76,9,1,0
BRDA:79,10,0,0
BRDA:79,10,1,0
BRDA:99,11,0,0
BRDA:99,11,1,0
BRDA:115,12,0,0
BRDA:115,12,1,0
BRF:22
BRH:0
end_of_record
TN:
SF:src/app/indexdb/services/data-sync.service.ts
FN:58,(anonymous_0)
FN:69,(anonymous_1)
FN:73,(anonymous_2)
FN:80,(anonymous_3)
FN:97,(anonymous_4)
FN:100,(anonymous_5)
FN:112,(anonymous_6)
FN:177,(anonymous_7)
FN:180,(anonymous_8)
FN:216,(anonymous_9)
FN:272,(anonymous_10)
FN:330,(anonymous_11)
FN:333,(anonymous_12)
FN:348,(anonymous_13)
FN:367,(anonymous_14)
FN:414,(anonymous_15)
FN:441,(anonymous_16)
FN:444,(anonymous_17)
FN:451,(anonymous_18)
FNF:19
FNH:1
FNDA:1,(anonymous_0)
FNDA:0,(anonymous_1)
FNDA:0,(anonymous_2)
FNDA:0,(anonymous_3)
FNDA:0,(anonymous_4)
FNDA:0,(anonymous_5)
FNDA:0,(anonymous_6)
FNDA:0,(anonymous_7)
FNDA:0,(anonymous_8)
FNDA:0,(anonymous_9)
FNDA:0,(anonymous_10)
FNDA:0,(anonymous_11)
FNDA:0,(anonymous_12)
FNDA:0,(anonymous_13)
FNDA:0,(anonymous_14)
FNDA:0,(anonymous_15)
FNDA:0,(anonymous_16)
FNDA:0,(anonymous_17)
FNDA:0,(anonymous_18)
DA:13,1
DA:14,3
DA:23,3
DA:32,3
DA:40,3
DA:48,3
DA:57,3
DA:59,1
DA:60,1
DA:61,1
DA:62,1
DA:63,1
DA:71,0
DA:72,0
DA:73,0
DA:84,0
DA:86,0
DA:87,0
DA:88,0
DA:92,0
DA:93,0
DA:94,0
DA:98,0
DA:101,0
DA:108,0
DA:109,0
DA:114,0
DA:115,0
DA:116,0
DA:117,0
DA:121,0
DA:147,0
DA:149,0
DA:155,0
DA:159,0
DA:160,0
DA:167,0
DA:173,0
DA:178,0
DA:181,0
DA:186,0
DA:187,0
DA:188,0
DA:192,0
DA:197,0
DA:198,0
DA:200,0
DA:201,0
DA:204,0
DA:205,0
DA:208,0
DA:209,0
DA:218,0
DA:219,0
DA:220,0
DA:221,0
DA:225,0
DA:245,0
DA:247,0
DA:253,0
DA:257,0
DA:258,0
DA:265,0
DA:268,0
DA:274,0
DA:277,0
DA:278,0
DA:279,0
DA:283,0
DA:303,0
DA:305,0
DA:311,0
DA:315,0
DA:316,0
DA:323,0
DA:326,0
DA:331,0
DA:334,0
DA:340,0
DA:342,0
DA:348,0
DA:349,0
DA:350,0
DA:351,0
DA:353,0
DA:354,0
DA:358,0
DA:359,0
DA:360,0
DA:361,0
DA:362,0
DA:365,0
DA:367,0
DA:380,0
DA:381,0
DA:387,0
DA:390,0
DA:391,0
DA:392,0
DA:400,0
DA:406,0
DA:415,0
DA:417,0
DA:423,0
DA:427,0
DA:428,0
DA:431,0
DA:434,0
DA:442,0
DA:446,0
DA:452,0
DA:454,0
DA:455,0
DA:457,0
DA:458,0
DA:459,0
DA:460,0
DA:462,0
LF:118
LH:12
BRDA:86,0,0,0
BRDA:101,1,0,0
BRDA:101,1,1,0
BRDA:101,1,2,0
BRDA:109,2,0,0
BRDA:109,2,1,0
BRDA:115,3,0,0
BRDA:122,4,0,0
BRDA:122,4,1,0
BRDA:123,5,0,0
BRDA:123,5,1,0
BRDA:124,6,0,0
BRDA:124,6,1,0
BRDA:125,7,0,0
BRDA:125,7,1,0
BRDA:126,8,0,0
BRDA:126,8,1,0
BRDA:127,9,0,0
BRDA:127,9,1,0
BRDA:128,10,0,0
BRDA:128,10,1,0
BRDA:129,11,0,0
BRDA:129,11,1,0
BRDA:130,12,0,0
BRDA:130,12,1,0
BRDA:131,13,0,0
BRDA:131,13,1,0
BRDA:132,14,0,0
BRDA:132,14,1,0
BRDA:133,15,0,0
BRDA:133,15,1,0
BRDA:134,16,0,0
BRDA:134,16,1,0
BRDA:135,17,0,0
BRDA:135,17,1,0
BRDA:142,18,0,0
BRDA:142,18,1,0
BRDA:143,19,0,0
BRDA:143,19,1,0
BRDA:159,20,0,0
BRDA:159,20,1,0
BRDA:181,21,0,0
BRDA:181,21,1,0
BRDA:181,21,2,0
BRDA:187,22,0,0
BRDA:188,23,0,0
BRDA:188,23,1,0
BRDA:198,24,0,0
BRDA:198,24,1,0
BRDA:198,24,2,0
BRDA:198,24,3,0
BRDA:200,25,0,0
BRDA:200,25,1,0
BRDA:204,26,0,0
BRDA:204,26,1,0
BRDA:208,27,0,0
BRDA:208,27,1,0
BRDA:219,28,0,0
BRDA:226,29,0,0
BRDA:226,29,1,0
BRDA:227,30,0,0
BRDA:227,30,1,0
BRDA:228,31,0,0
BRDA:228,31,1,0
BRDA:229,32,0,0
BRDA:229,32,1,0
BRDA:230,33,0,0
BRDA:230,33,1,0
BRDA:231,34,0,0
BRDA:231,34,1,0
BRDA:232,35,0,0
BRDA:232,35,1,0
BRDA:233,36,0,0
BRDA:233,36,1,0
BRDA:240,37,0,0
BRDA:240,37,1,0
BRDA:257,38,0,0
BRDA:257,38,1,0
BRDA:277,39,0,0
BRDA:284,40,0,0
BRDA:284,40,1,0
BRDA:285,41,0,0
BRDA:285,41,1,0
BRDA:286,42,0,0
BRDA:286,42,1,0
BRDA:287,43,0,0
BRDA:287,43,1,0
BRDA:288,44,0,0
BRDA:288,44,1,0
BRDA:289,45,0,0
BRDA:289,45,1,0
BRDA:290,46,0,0
BRDA:290,46,1,0
BRDA:291,47,0,0
BRDA:291,47,1,0
BRDA:298,48,0,0
BRDA:298,48,1,0
BRDA:315,49,0,0
BRDA:315,49,1,0
BRDA:334,50,0,0
BRDA:334,50,1,0
BRDA:334,50,2,0
BRDA:340,51,0,0
BRDA:349,52,0,0
BRDA:350,53,0,0
BRDA:360,54,0,0
BRDA:368,55,0,0
BRDA:368,55,1,0
BRDA:369,56,0,0
BRDA:369,56,1,0
BRDA:370,57,0,0
BRDA:370,57,1,0
BRDA:374,58,0,0
BRDA:374,58,1,0
BRDA:390,59,0,0
BRDA:390,59,1,0
BRDA:427,60,0,0
BRDA:427,60,1,0
BRDA:452,61,0,0
BRDA:455,62,0,0
BRF:120
BRH:0
end_of_record
TN:
SF:src/app/indexdb/services/database.service.ts
FN:31,(anonymous_0)
FNF:1
FNH:1
FNDA:3,(anonymous_0)
DA:18,1
DA:32,3
DA:34,3
DA:64,1
LF:4
LH:4
BRF:0
BRH:0
end_of_record
TN:
SF:src/app/indexdb/services/load-index-db.service.ts
FN:45,(anonymous_0)
FN:65,(anonymous_1)
FN:75,(anonymous_2)
FN:80,(anonymous_3)
FN:89,(anonymous_4)
FN:109,(anonymous_5)
FN:119,(anonymous_6)
FN:141,(anonymous_7)
FN:153,(anonymous_8)
FN:216,(anonymous_9)
FN:229,(anonymous_10)
FN:246,(anonymous_11)
FN:258,(anonymous_12)
FN:283,(anonymous_13)
FN:292,(anonymous_14)
FN:313,(anonymous_15)
FN:322,(anonymous_16)
FN:343,(anonymous_17)
FN:352,(anonymous_18)
FN:374,(anonymous_19)
FN:386,(anonymous_20)
FN:430,(anonymous_21)
FN:443,(anonymous_22)
FN:476,(anonymous_23)
FN:489,(anonymous_24)
FN:526,(anonymous_25)
FN:539,(anonymous_26)
FN:544,(anonymous_27)
FN:545,(anonymous_28)
FN:548,(anonymous_29)
FN:564,(anonymous_30)
FNF:31
FNH:1
FNDA:2,(anonymous_0)
FNDA:0,(anonymous_1)
FNDA:0,(anonymous_2)
FNDA:0,(anonymous_3)
FNDA:0,(anonymous_4)
FNDA:0,(anonymous_5)
FNDA:0,(anonymous_6)
FNDA:0,(anonymous_7)
FNDA:0,(anonymous_8)
FNDA:0,(anonymous_9)
FNDA:0,(anonymous_10)
FNDA:0,(anonymous_11)
FNDA:0,(anonymous_12)
FNDA:0,(anonymous_13)
FNDA:0,(anonymous_14)
FNDA:0,(anonymous_15)
FNDA:0,(anonymous_16)
FNDA:0,(anonymous_17)
FNDA:0,(anonymous_18)
FNDA:0,(anonymous_19)
FNDA:0,(anonymous_20)
FNDA:0,(anonymous_21)
FNDA:0,(anonymous_22)
FNDA:0,(anonymous_23)
FNDA:0,(anonymous_24)
FNDA:0,(anonymous_25)
FNDA:0,(anonymous_26)
FNDA:0,(anonymous_27)
FNDA:0,(anonymous_28)
FNDA:0,(anonymous_29)
FNDA:0,(anonymous_30)
DA:36,1
DA:37,2
DA:41,2
DA:46,2
DA:47,2
DA:48,2
DA:49,2
DA:50,2
DA:51,2
DA:52,2
DA:53,2
DA:54,2
DA:55,2
DA:56,2
DA:57,2
DA:58,2
DA:66,0
DA:74,0
DA:78,0
DA:81,0
DA:91,0
DA:102,0
DA:109,0
DA:115,0
DA:121,0
DA:135,0
DA:141,0
DA:146,0
DA:195,0
DA:211,0
DA:216,0
DA:221,0
DA:231,0
DA:241,0
DA:246,0
DA:251,0
DA:259,0
DA:278,0
DA:283,0
DA:288,0
DA:293,0
DA:307,0
DA:313,0
DA:318,0
DA:323,0
DA:337,0
DA:343,0
DA:348,0
DA:353,0
DA:367,0
DA:374,0
DA:379,0
DA:387,0
DA:417,0
DA:423,0
DA:430,0
DA:436,0
DA:444,0
DA:462,0
DA:468,0
DA:476,0
DA:482,0
DA:491,0
DA:514,0
DA:520,0
DA:526,0
DA:532,0
DA:541,0
DA:544,0
DA:547,0
DA:549,0
DA:550,0
DA:551,0
DA:552,0
DA:553,0
DA:554,0
DA:555,0
DA:556,0
DA:558,0
DA:559,0
DA:560,0
DA:565,0
DA:566,0
LF:83
LH:16
BRDA:109,0,0,0
BRDA:109,0,1,0
BRDA:141,1,0,0
BRDA:141,1,1,0
BRDA:216,2,0,0
BRDA:216,2,1,0
BRDA:246,3,0,0
BRDA:246,3,1,0
BRDA:283,4,0,0
BRDA:283,4,1,0
BRDA:313,5,0,0
BRDA:313,5,1,0
BRDA:343,6,0,0
BRDA:343,6,1,0
BRDA:374,7,0,0
BRDA:374,7,1,0
BRDA:430,8,0,0
BRDA:430,8,1,0
BRDA:476,9,0,0
BRDA:476,9,1,0
BRDA:526,10,0,0
BRDA:526,10,1,0
BRF:22
BRH:0
end_of_record
TN:
SF:src/app/shared/components/confirm-snackbar/confirm-snackbar.component.ts
FN:22,(anonymous_0)
FN:28,(anonymous_1)
FNF:2
FNH:0
FNDA:0,(anonymous_0)
FNDA:0,(anonymous_1)
DA:21,1
DA:23,0
DA:24,0
DA:25,0
DA:29,0
DA:30,0
LF:6
LH:1
BRF:0
BRH:0
end_of_record
TN:
SF:src/app/shared/components/loading/loading.ts
FNF:0
FNH:0
DA:48,1
LF:1
LH:1
BRF:0
BRH:0
end_of_record
TN:
SF:src/app/shared/services/auth.service.ts
FN:29,(anonymous_0)
FN:31,(anonymous_1)
FN:69,(anonymous_2)
FN:99,(anonymous_3)
FN:108,(anonymous_4)
FN:124,(anonymous_5)
FN:138,(anonymous_6)
FN:168,(anonymous_7)
FNF:8
FNH:1
FNDA:1,(anonymous_0)
FNDA:0,(anonymous_1)
FNDA:0,(anonymous_2)
FNDA:0,(anonymous_3)
FNDA:0,(anonymous_4)
FNDA:0,(anonymous_5)
FNDA:0,(anonymous_6)
FNDA:0,(anonymous_7)
DA:14,1
DA:16,3
DA:17,3
DA:21,3
DA:22,3
DA:24,3
DA:25,1
DA:26,1
DA:27,1
DA:32,0
DA:33,0
DA:36,0
DA:37,0
DA:38,0
DA:41,0
DA:43,0
DA:44,0
DA:49,0
DA:50,0
DA:51,0
DA:55,0
DA:56,0
DA:57,0
DA:58,0
DA:61,0
DA:62,0
DA:64,0
DA:65,0
DA:70,0
DA:71,0
DA:100,0
DA:109,0
DA:119,0
DA:125,0
DA:126,0
DA:127,0
DA:128,0
DA:132,0
DA:141,0
DA:143,0
DA:147,0
DA:149,0
DA:150,0
DA:156,0
DA:159,0
DA:162,0
DA:166,0
DA:167,0
DA:168,0
DA:170,0
DA:176,0
LF:51
LH:9
BRDA:36,0,0,0
BRDA:49,1,0,0
BRDA:56,2,0,0
BRDA:56,3,0,0
BRDA:56,3,1,0
BRDA:126,4,0,0
BRDA:126,4,1,0
BRDA:127,5,0,0
BRDA:156,6,0,0
BRDA:156,6,1,0
BRDA:167,7,0,0
BRDA:167,7,1,0
BRDA:167,8,0,0
BRDA:167,8,1,0
BRF:14
BRH:0
end_of_record
TN:
SF:src/app/shared/services/cookie.service.ts
FN:10,(anonymous_0)
FN:21,(anonymous_1)
FN:33,(anonymous_2)
FNF:3
FNH:0
FNDA:0,(anonymous_0)
FNDA:0,(anonymous_1)
FNDA:0,(anonymous_2)
DA:7,1
DA:8,2
DA:12,0
DA:14,0
DA:15,0
DA:16,0
DA:18,0
DA:22,0
DA:23,0
DA:24,0
DA:25,0
DA:26,0
DA:27,0
DA:30,0
DA:34,0
LF:15
LH:2
BRDA:25,0,0,0
BRF:1
BRH:0
end_of_record
TN:
SF:src/app/shared/services/graphql.service.ts
FN:18,(anonymous_0)
FN:23,(anonymous_1)
FN:27,(anonymous_2)
FN:28,(anonymous_3)
FN:38,(anonymous_4)
FN:66,(anonymous_5)
FN:77,(anonymous_6)
FN:86,(anonymous_7)
FN:87,(anonymous_8)
FN:89,(anonymous_9)
FN:97,(anonymous_10)
FN:109,(anonymous_11)
FN:110,(anonymous_12)
FN:112,(anonymous_13)
FNF:14
FNH:1
FNDA:2,(anonymous_0)
FNDA:0,(anonymous_1)
FNDA:0,(anonymous_2)
FNDA:0,(anonymous_3)
FNDA:0,(anonymous_4)
FNDA:0,(anonymous_5)
FNDA:0,(anonymous_6)
FNDA:0,(anonymous_7)
FNDA:0,(anonymous_8)
FNDA:0,(anonymous_9)
FNDA:0,(anonymous_10)
FNDA:0,(anonymous_11)
FNDA:0,(anonymous_12)
FNDA:0,(anonymous_13)
DA:14,1
DA:15,2
DA:19,2
DA:20,2
DA:25,0
DA:27,0
DA:28,0
DA:29,0
DA:30,0
DA:32,0
DA:34,0
DA:39,0
DA:40,0
DA:43,0
DA:44,0
DA:45,0
DA:51,0
DA:53,0
DA:55,0
DA:56,0
DA:57,0
DA:64,0
DA:67,0
DA:69,0
DA:73,0
DA:74,0
DA:78,0
DA:80,0
DA:85,0
DA:86,0
DA:89,0
DA:101,0
DA:103,0
DA:108,0
DA:109,0
DA:112,0
LF:36
LH:4
BRDA:29,0,0,0
BRDA:34,1,0,0
BRDA:34,1,1,0
BRDA:40,2,0,0
BRDA:45,3,0,0
BRDA:45,3,1,0
BRDA:45,3,2,0
BRDA:45,3,3,0
BRDA:55,4,0,0
BRDA:57,5,0,0
BRDA:57,5,1,0
BRDA:57,5,2,0
BRDA:57,5,3,0
BRDA:73,6,0,0
BRF:14
BRH:0
end_of_record
TN:
SF:src/app/shared/services/loading.service.ts
FN:11,(anonymous_0)
FN:19,(anonymous_1)
FN:29,(anonymous_2)
FNF:3
FNH:0
FNDA:0,(anonymous_0)
FNDA:0,(anonymous_1)
FNDA:0,(anonymous_2)
DA:5,1
DA:6,2
DA:7,2
DA:9,2
DA:13,0
DA:14,0
DA:15,0
DA:21,0
DA:22,0
DA:24,0
DA:25,0
DA:30,0
DA:31,0
LF:13
LH:4
BRDA:14,0,0,0
BRDA:21,1,0,0
BRDA:24,2,0,0
BRF:3
BRH:0
end_of_record
TN:
SF:src/app/shared/services/snackbar-yes-no.service.ts
FN:11,(anonymous_0)
FN:13,(anonymous_1)
FN:22,(anonymous_2)
FN:31,(anonymous_3)
FN:40,(anonymous_4)
FN:52,(anonymous_5)
FNF:6
FNH:1
FNDA:1,(anonymous_0)
FNDA:0,(anonymous_1)
FNDA:0,(anonymous_2)
FNDA:0,(anonymous_3)
FNDA:0,(anonymous_4)
FNDA:0,(anonymous_5)
DA:8,1
DA:9,1
DA:11,1
DA:14,0
DA:23,0
DA:32,0
DA:41,0
DA:49,0
DA:53,0
LF:9
LH:3
BRDA:13,0,0,0
BRDA:22,1,0,0
BRDA:31,2,0,0
BRF:3
BRH:0
end_of_record
TN:
SF:src/app/shared/services/snackbar.service.ts
FN:11,(anonymous_0)
FN:13,(anonymous_1)
FN:22,(anonymous_2)
FN:31,(anonymous_3)
FN:40,(anonymous_4)
FN:52,(anonymous_5)
FNF:6
FNH:1
FNDA:1,(anonymous_0)
FNDA:0,(anonymous_1)
FNDA:0,(anonymous_2)
FNDA:0,(anonymous_3)
FNDA:0,(anonymous_4)
FNDA:0,(anonymous_5)
DA:8,1
DA:9,1
DA:11,1
DA:14,0
DA:23,0
DA:32,0
DA:41,0
DA:49,0
DA:53,0
LF:9
LH:3
BRDA:13,0,0,0
BRDA:22,1,0,0
BRDA:31,2,0,0
BRF:3
BRH:0
end_of_record
TN:
SF:src/environments/environment.ts
FNF:0
FNH:0
DA:1,1
LF:1
LH:1
BRF:0
BRH:0
end_of_record
